{"uuid":"956286e9-4317-4f67-9e1e-e07d0a31d628","historyId":"7ba140d2f7a800b597e58307ac00cc2","fullName":"SearchPageTest.CheckoutTest","labels":[{"name":"package","value":"SearchPageTest"},{"name":"testClass","value":"SearchPageTest"},{"name":"testMethod","value":"CheckoutTest"},{"name":"parentSuite","value":"Default Suite"},{"name":"suite","value":"AskOmDch_Playwright_Java"},{"name":"subSuite","value":"SearchPageTest"},{"name":"host","value":"MacBook-Olga.local"},{"name":"thread","value":"70376@MacBook-Olga.local.main(1)"},{"name":"framework","value":"testng"},{"name":"language","value":"java"}],"links":[],"name":"CheckoutTest","status":"broken","statusDetails":{"known":false,"muted":false,"flaky":false,"message":"Error {\n  message='Error: Not a checkbox or radio button\n  name='Error\n  stack='Error: Error: Not a checkbox or radio button\n    at CRExecutionContext.evaluateWithArguments (/private/var/folders/kv/lh0lc7h56hjdxcp4lnns21g00000gn/T/playwright-java-13192359907895044861/package/lib/server/chromium/crExecutionContext.js:92:33)\n    at runNextTicks (node:internal/process/task_queues:60:5)\n    at process.processImmediate (node:internal/timers:454:9)\n    at async LongStandingScope._race (/private/var/folders/kv/lh0lc7h56hjdxcp4lnns21g00000gn/T/playwright-java-13192359907895044861/package/lib/utils/manualPromise.js:96:14)\n    at async evaluateExpression (/private/var/folders/kv/lh0lc7h56hjdxcp4lnns21g00000gn/T/playwright-java-13192359907895044861/package/lib/server/javascript.js:242:12)\n    at async Frame._expectInternal (/private/var/folders/kv/lh0lc7h56hjdxcp4lnns21g00000gn/T/playwright-java-13192359907895044861/package/lib/server/frames.js:1326:9)\n    at async /private/var/folders/kv/lh0lc7h56hjdxcp4lnns21g00000gn/T/playwright-java-13192359907895044861/package/lib/server/frames.js:1253:18\n    at async ProgressController.run (/private/var/folders/kv/lh0lc7h56hjdxcp4lnns21g00000gn/T/playwright-java-13192359907895044861/package/lib/server/progress.js:82:22)\n    at async Frame._expectImpl (/private/var/folders/kv/lh0lc7h56hjdxcp4lnns21g00000gn/T/playwright-java-13192359907895044861/package/lib/server/frames.js:1252:31)\n    at async Frame.expect (/private/var/folders/kv/lh0lc7h56hjdxcp4lnns21g00000gn/T/playwright-java-13192359907895044861/package/lib/server/frames.js:1223:20)\n}\nCall log:\n- Locator.expect with timeout 5000ms\n- waiting for getByRole(AriaRole.HEADING, new Page.GetByRoleOptions().setName(\"Checkout\"))\n","trace":"com.microsoft.playwright.PlaywrightException: Error {\n  message='Error: Not a checkbox or radio button\n  name='Error\n  stack='Error: Error: Not a checkbox or radio button\n    at CRExecutionContext.evaluateWithArguments (/private/var/folders/kv/lh0lc7h56hjdxcp4lnns21g00000gn/T/playwright-java-13192359907895044861/package/lib/server/chromium/crExecutionContext.js:92:33)\n    at runNextTicks (node:internal/process/task_queues:60:5)\n    at process.processImmediate (node:internal/timers:454:9)\n    at async LongStandingScope._race (/private/var/folders/kv/lh0lc7h56hjdxcp4lnns21g00000gn/T/playwright-java-13192359907895044861/package/lib/utils/manualPromise.js:96:14)\n    at async evaluateExpression (/private/var/folders/kv/lh0lc7h56hjdxcp4lnns21g00000gn/T/playwright-java-13192359907895044861/package/lib/server/javascript.js:242:12)\n    at async Frame._expectInternal (/private/var/folders/kv/lh0lc7h56hjdxcp4lnns21g00000gn/T/playwright-java-13192359907895044861/package/lib/server/frames.js:1326:9)\n    at async /private/var/folders/kv/lh0lc7h56hjdxcp4lnns21g00000gn/T/playwright-java-13192359907895044861/package/lib/server/frames.js:1253:18\n    at async ProgressController.run (/private/var/folders/kv/lh0lc7h56hjdxcp4lnns21g00000gn/T/playwright-java-13192359907895044861/package/lib/server/progress.js:82:22)\n    at async Frame._expectImpl (/private/var/folders/kv/lh0lc7h56hjdxcp4lnns21g00000gn/T/playwright-java-13192359907895044861/package/lib/server/frames.js:1252:31)\n    at async Frame.expect (/private/var/folders/kv/lh0lc7h56hjdxcp4lnns21g00000gn/T/playwright-java-13192359907895044861/package/lib/server/frames.js:1223:20)\n}\nCall log:\n- Locator.expect with timeout 5000ms\n- waiting for getByRole(AriaRole.HEADING, new Page.GetByRoleOptions().setName(\"Checkout\"))\n\n\tat com.microsoft.playwright.impl.WaitableResult.get(WaitableResult.java:56)\n\tat com.microsoft.playwright.impl.ChannelOwner.runUntil(ChannelOwner.java:120)\n\tat com.microsoft.playwright.impl.Connection.sendMessage(Connection.java:130)\n\tat com.microsoft.playwright.impl.ChannelOwner.sendMessage(ChannelOwner.java:106)\n\tat com.microsoft.playwright.impl.LocatorImpl.expectImpl(LocatorImpl.java:659)\n\tat com.microsoft.playwright.impl.LocatorImpl.lambda$expect$8(LocatorImpl.java:642)\n\tat com.microsoft.playwright.impl.LoggingSupport.withLogging(LoggingSupport.java:47)\n\tat com.microsoft.playwright.impl.ChannelOwner.withLogging(ChannelOwner.java:89)\n\tat com.microsoft.playwright.impl.LocatorImpl.expect(LocatorImpl.java:642)\n\tat com.microsoft.playwright.impl.AssertionsBase.expectImpl(AssertionsBase.java:61)\n\tat com.microsoft.playwright.impl.AssertionsBase.expectImpl(AssertionsBase.java:51)\n\tat com.microsoft.playwright.impl.LocatorAssertionsImpl.expectTrue(LocatorAssertionsImpl.java:392)\n\tat com.microsoft.playwright.impl.LocatorAssertionsImpl.isChecked(LocatorAssertionsImpl.java:334)\n\tat com.microsoft.playwright.assertions.LocatorAssertions.isChecked(LocatorAssertions.java:535)\n\tat SearchPageTest.CheckoutTest(SearchPageTest.java:42)\n\tat java.base/jdk.internal.reflect.NativeMethodAccessorImpl.invoke0(Native Method)\n\tat java.base/jdk.internal.reflect.NativeMethodAccessorImpl.invoke(NativeMethodAccessorImpl.java:77)\n\tat java.base/jdk.internal.reflect.DelegatingMethodAccessorImpl.invoke(DelegatingMethodAccessorImpl.java:43)\n\tat java.base/java.lang.reflect.Method.invoke(Method.java:568)\n\tat org.testng.internal.invokers.MethodInvocationHelper.invokeMethod(MethodInvocationHelper.java:139)\n\tat org.testng.internal.invokers.TestInvoker.invokeMethod(TestInvoker.java:664)\n\tat org.testng.internal.invokers.TestInvoker.invokeTestMethod(TestInvoker.java:227)\n\tat org.testng.internal.invokers.MethodRunner.runInSequence(MethodRunner.java:50)\n\tat org.testng.internal.invokers.TestInvoker$MethodInvocationAgent.invoke(TestInvoker.java:957)\n\tat org.testng.internal.invokers.TestInvoker.invokeTestMethods(TestInvoker.java:200)\n\tat org.testng.internal.invokers.TestMethodWorker.invokeTestMethods(TestMethodWorker.java:148)\n\tat org.testng.internal.invokers.TestMethodWorker.run(TestMethodWorker.java:128)\n\tat java.base/java.util.ArrayList.forEach(ArrayList.java:1511)\n\tat org.testng.TestRunner.privateRun(TestRunner.java:848)\n\tat org.testng.TestRunner.run(TestRunner.java:621)\n\tat org.testng.SuiteRunner.runTest(SuiteRunner.java:443)\n\tat org.testng.SuiteRunner.runSequentially(SuiteRunner.java:437)\n\tat org.testng.SuiteRunner.privateRun(SuiteRunner.java:397)\n\tat org.testng.SuiteRunner.run(SuiteRunner.java:336)\n\tat org.testng.SuiteRunnerWorker.runSuite(SuiteRunnerWorker.java:52)\n\tat org.testng.SuiteRunnerWorker.run(SuiteRunnerWorker.java:95)\n\tat org.testng.TestNG.runSuitesSequentially(TestNG.java:1280)\n\tat org.testng.TestNG.runSuitesLocally(TestNG.java:1200)\n\tat org.testng.TestNG.runSuites(TestNG.java:1114)\n\tat org.testng.TestNG.run(TestNG.java:1082)\n\tat com.intellij.rt.testng.IDEARemoteTestNG.run(IDEARemoteTestNG.java:65)\n\tat com.intellij.rt.testng.RemoteTestNGStarter.main(RemoteTestNGStarter.java:105)\nCaused by: com.microsoft.playwright.impl.DriverException: Error {\n  message='Error: Not a checkbox or radio button\n  name='Error\n  stack='Error: Error: Not a checkbox or radio button\n    at CRExecutionContext.evaluateWithArguments (/private/var/folders/kv/lh0lc7h56hjdxcp4lnns21g00000gn/T/playwright-java-13192359907895044861/package/lib/server/chromium/crExecutionContext.js:92:33)\n    at runNextTicks (node:internal/process/task_queues:60:5)\n    at process.processImmediate (node:internal/timers:454:9)\n    at async LongStandingScope._race (/private/var/folders/kv/lh0lc7h56hjdxcp4lnns21g00000gn/T/playwright-java-13192359907895044861/package/lib/utils/manualPromise.js:96:14)\n    at async evaluateExpression (/private/var/folders/kv/lh0lc7h56hjdxcp4lnns21g00000gn/T/playwright-java-13192359907895044861/package/lib/server/javascript.js:242:12)\n    at async Frame._expectInternal (/private/var/folders/kv/lh0lc7h56hjdxcp4lnns21g00000gn/T/playwright-java-13192359907895044861/package/lib/server/frames.js:1326:9)\n    at async /private/var/folders/kv/lh0lc7h56hjdxcp4lnns21g00000gn/T/playwright-java-13192359907895044861/package/lib/server/frames.js:1253:18\n    at async ProgressController.run (/private/var/folders/kv/lh0lc7h56hjdxcp4lnns21g00000gn/T/playwright-java-13192359907895044861/package/lib/server/progress.js:82:22)\n    at async Frame._expectImpl (/private/var/folders/kv/lh0lc7h56hjdxcp4lnns21g00000gn/T/playwright-java-13192359907895044861/package/lib/server/frames.js:1252:31)\n    at async Frame.expect (/private/var/folders/kv/lh0lc7h56hjdxcp4lnns21g00000gn/T/playwright-java-13192359907895044861/package/lib/server/frames.js:1223:20)\n}\nCall log:\n- Locator.expect with timeout 5000ms\n- waiting for getByRole(AriaRole.HEADING, new Page.GetByRoleOptions().setName(\"Checkout\"))\n\n\tat com.microsoft.playwright.impl.Connection.dispatch(Connection.java:259)\n\tat com.microsoft.playwright.impl.Connection.processOneMessage(Connection.java:211)\n\tat com.microsoft.playwright.impl.ChannelOwner.runUntil(ChannelOwner.java:118)\n\t... 40 more\n"},"stage":"finished","steps":[],"attachments":[],"parameters":[],"start":1727695743265,"stop":1727695752390}